DemoForStudentsROC/Library/Bee/Android/Prj/IL2CPP/Gradle/launcher/build/intermediates/manifest_merge_blame_file/debug/manifest-merger-blame-debug-report.txt
1<?xml version="1.0" encoding="utf-8"?>
2<manifest xmlns:android="http://schemas.android.com/apk/res/android"
3    package="com.DefaultCompany.DemoForStudentsROC"
4    android:installLocation="preferExternal"
5    android:versionCode="1"
6    android:versionName="0.1" >
7
8    <uses-sdk
9        android:minSdkVersion="24"
9-->src\main\AndroidManifest.xml
10        android:targetSdkVersion="32" />
10-->src\main\AndroidManifest.xml
11
12    <supports-screens
12-->src\main\AndroidManifest.xml:4:3-163
13        android:anyDensity="true"
13-->src\main\AndroidManifest.xml:4:135-160
14        android:largeScreens="true"
14-->src\main\AndroidManifest.xml:4:78-105
15        android:normalScreens="true"
15-->src\main\AndroidManifest.xml:4:49-77
16        android:smallScreens="true"
16-->src\main\AndroidManifest.xml:4:21-48
17        android:xlargeScreens="true" />
17-->src\main\AndroidManifest.xml:4:106-134
18
19    <supports-gl-texture android:name="GL_KHR_texture_compression_astc_ldr" />
19-->[:unityLibrary] AndroidManifest.xml:11:5-79
19-->[:unityLibrary] AndroidManifest.xml:11:26-76
20
21    <uses-permission android:name="android.permission.INTERNET" />
21-->[:unityLibrary] AndroidManifest.xml:13:5-67
21-->[:unityLibrary] AndroidManifest.xml:13:22-64
22
23    <uses-feature android:glEsVersion="0x00030000" />
23-->[:unityLibrary] AndroidManifest.xml:15:5-54
23-->[:unityLibrary] AndroidManifest.xml:15:19-51
24    <uses-feature
24-->[:unityLibrary] AndroidManifest.xml:16:5-18:36
25        android:name="android.hardware.vulkan.version"
25-->[:unityLibrary] AndroidManifest.xml:17:9-55
26        android:required="false" />
26-->[:unityLibrary] AndroidManifest.xml:18:9-33
27    <uses-feature
27-->[:unityLibrary] AndroidManifest.xml:19:5-21:36
28        android:name="android.hardware.touchscreen"
28-->[:unityLibrary] AndroidManifest.xml:20:9-52
29        android:required="false" />
29-->[:unityLibrary] AndroidManifest.xml:21:9-33
30    <uses-feature
30-->[:unityLibrary] AndroidManifest.xml:22:5-24:36
31        android:name="android.hardware.touchscreen.multitouch"
31-->[:unityLibrary] AndroidManifest.xml:23:9-63
32        android:required="false" />
32-->[:unityLibrary] AndroidManifest.xml:24:9-33
33    <uses-feature
33-->[:unityLibrary] AndroidManifest.xml:25:5-27:36
34        android:name="android.hardware.touchscreen.multitouch.distinct"
34-->[:unityLibrary] AndroidManifest.xml:26:9-72
35        android:required="false" />
35-->[:unityLibrary] AndroidManifest.xml:27:9-33
36    <uses-feature
36-->[:unityLibrary] AndroidManifest.xml:28:5-31:31
37        android:name="android.hardware.vr.headtracking"
37-->[:unityLibrary] AndroidManifest.xml:29:9-56
38        android:required="true"
38-->[:unityLibrary] AndroidManifest.xml:30:9-32
39        android:version="1" />
39-->[:unityLibrary] AndroidManifest.xml:31:9-28
40
41    <application
41-->src\main\AndroidManifest.xml:3:3-83
42        android:debuggable="true"
43        android:extractNativeLibs="true"
43-->[:unityLibrary] AndroidManifest.xml:33:18-50
44        android:icon="@mipmap/app_icon"
44-->src\main\AndroidManifest.xml:3:49-80
45        android:label="@string/app_name" >
45-->src\main\AndroidManifest.xml:3:16-48
46        <meta-data
46-->[:unityLibrary] AndroidManifest.xml:34:9-36:33
47            android:name="unity.splash-mode"
47-->[:unityLibrary] AndroidManifest.xml:35:13-45
48            android:value="0" />
48-->[:unityLibrary] AndroidManifest.xml:36:13-30
49        <meta-data
49-->[:unityLibrary] AndroidManifest.xml:37:9-39:36
50            android:name="unity.splash-enable"
50-->[:unityLibrary] AndroidManifest.xml:38:13-47
51            android:value="True" />
51-->[:unityLibrary] AndroidManifest.xml:39:13-33
52        <meta-data
52-->[:unityLibrary] AndroidManifest.xml:40:9-42:36
53            android:name="unity.launch-fullscreen"
53-->[:unityLibrary] AndroidManifest.xml:41:13-51
54            android:value="True" />
54-->[:unityLibrary] AndroidManifest.xml:42:13-33
55        <meta-data
55-->[:unityLibrary] AndroidManifest.xml:43:9-45:37
56            android:name="unity.allow-resizable-window"
56-->[:unityLibrary] AndroidManifest.xml:44:13-56
57            android:value="False" />
57-->[:unityLibrary] AndroidManifest.xml:45:13-34
58        <meta-data
58-->[:unityLibrary] AndroidManifest.xml:46:9-48:50
59            android:name="notch.config"
59-->[:unityLibrary] AndroidManifest.xml:47:13-40
60            android:value="portrait|landscape" />
60-->[:unityLibrary] AndroidManifest.xml:48:13-47
61
62        <activity
62-->[:unityLibrary] AndroidManifest.xml:50:9-76:20
63            android:name="com.unity3d.player.UnityPlayerActivity"
63-->[:unityLibrary] AndroidManifest.xml:51:13-66
64            android:configChanges="keyboard|keyboardHidden|navigation|orientation|screenLayout|screenSize|uiMode|density"
64-->[:unityLibrary] AndroidManifest.xml:52:13-122
65            android:exported="true"
65-->[:unityLibrary] AndroidManifest.xml:53:13-36
66            android:hardwareAccelerated="false"
66-->[:unityLibrary] AndroidManifest.xml:54:13-48
67            android:launchMode="singleTask"
67-->[:unityLibrary] AndroidManifest.xml:55:13-44
68            android:resizeableActivity="false"
68-->[:unityLibrary] AndroidManifest.xml:56:13-47
69            android:screenOrientation="landscape"
69-->[:unityLibrary] AndroidManifest.xml:57:13-50
70            android:theme="@android:style/Theme.Black.NoTitleBar.Fullscreen" >
70-->[:unityLibrary] AndroidManifest.xml:58:13-77
71            <intent-filter>
71-->[:unityLibrary] AndroidManifest.xml:59:13-65:29
72                <category android:name="android.intent.category.LAUNCHER" />
72-->[:unityLibrary] AndroidManifest.xml:60:17-77
72-->[:unityLibrary] AndroidManifest.xml:60:27-74
73
74                <action android:name="android.intent.action.MAIN" />
74-->[:unityLibrary] AndroidManifest.xml:62:17-69
74-->[:unityLibrary] AndroidManifest.xml:62:25-66
75
76                <category android:name="com.oculus.intent.category.VR" />
76-->[:unityLibrary] AndroidManifest.xml:64:17-74
76-->[:unityLibrary] AndroidManifest.xml:64:27-71
77            </intent-filter>
78
79            <meta-data
79-->[:unityLibrary] AndroidManifest.xml:67:13-69:40
80                android:name="unityplayer.UnityActivity"
80-->[:unityLibrary] AndroidManifest.xml:68:17-57
81                android:value="true" />
81-->[:unityLibrary] AndroidManifest.xml:69:17-37
82            <meta-data
82-->[:unityLibrary] AndroidManifest.xml:70:13-72:40
83                android:name="notch_support"
83-->[:unityLibrary] AndroidManifest.xml:71:17-45
84                android:value="true" />
84-->[:unityLibrary] AndroidManifest.xml:72:17-37
85            <meta-data
85-->[:unityLibrary] AndroidManifest.xml:73:13-75:40
86                android:name="com.oculus.vr.focusaware"
86-->[:unityLibrary] AndroidManifest.xml:74:17-56
87                android:value="true" />
87-->[:unityLibrary] AndroidManifest.xml:75:17-37
88        </activity>
89
90        <meta-data
90-->[:unityLibrary] AndroidManifest.xml:78:9-80:39
91            android:name="com.samsung.android.vr.application.mode"
91-->[:unityLibrary] AndroidManifest.xml:79:13-67
92            android:value="vr_only" />
92-->[:unityLibrary] AndroidManifest.xml:80:13-36
93        <meta-data
93-->[:unityLibrary] AndroidManifest.xml:81:9-83:37
94            android:name="com.unity.xr.oculus.LowOverheadMode"
94-->[:unityLibrary] AndroidManifest.xml:82:13-63
95            android:value="false" />
95-->[:unityLibrary] AndroidManifest.xml:83:13-34
96        <meta-data
96-->[:unityLibrary] AndroidManifest.xml:84:9-86:37
97            android:name="com.unity.xr.oculus.LateLatching"
97-->[:unityLibrary] AndroidManifest.xml:85:13-60
98            android:value="false" />
98-->[:unityLibrary] AndroidManifest.xml:86:13-34
99        <meta-data
99-->[:unityLibrary] AndroidManifest.xml:87:9-89:37
100            android:name="com.unity.xr.oculus.LateLatchingDebug"
100-->[:unityLibrary] AndroidManifest.xml:88:13-65
101            android:value="false" />
101-->[:unityLibrary] AndroidManifest.xml:89:13-34
102        <meta-data
102-->[:unityLibrary] AndroidManifest.xml:90:9-92:44
103            android:name="com.oculus.supportedDevices"
103-->[:unityLibrary] AndroidManifest.xml:91:13-55
104            android:value="quest|quest2" />
104-->[:unityLibrary] AndroidManifest.xml:92:13-41
105    </application>
106
107</manifest>